 2017-05-09 14:16:58 Debug: Proxy App name is ShadowsocksX, hash 1650300449
 2017-05-09 14:17:14 Warning: server_accept_cb 68d00760 12
 2017-05-09 14:17:14 Debug: negotiate successfully!
 2017-05-09 14:17:14 Debug: socks5 server works
 2017-05-09 14:17:29 Warning: server_accept_cb 68f000d0 12
 2017-05-09 14:17:29 Debug: negotiate successfully!
 2017-05-09 14:17:29 Debug: socks5 server works
 2017-05-09 14:17:29 Warning: final_after_close_cb
 2017-05-09 14:17:39 Warning: final_after_close_cb
 2017-05-09 14:17:55 Warning: server_accept_cb 68c02db0 12
 2017-05-09 14:17:55 Debug: negotiate successfully!
 2017-05-09 14:17:55 Debug: socks5 server works
 2017-05-09 14:17:55 Warning: final_after_close_cb
 2017-05-09 14:19:47 Warning: server_accept_cb 68c02db0 12
 2017-05-09 14:19:47 Warning: server_accept_cb 68f000d0 12
 2017-05-09 14:19:47 Warning: server_accept_cb 68f00470 12
 2017-05-09 14:19:47 Warning: server_accept_cb 68f00810 12
 2017-05-09 14:19:47 Debug: negotiate successfully!
 2017-05-09 14:19:47 Debug: socks5 server works
 2017-05-09 14:19:47 Warning: server_accept_cb 68f00bb0 12
 2017-05-09 14:19:47 Warning: server_accept_cb 68f00ef0 12
 2017-05-09 14:19:47 Warning: server_accept_cb 68d00750 12
 2017-05-09 14:19:47 Warning: server_accept_cb 68e00350 12
 2017-05-09 14:19:47 Debug: negotiate successfully!
 2017-05-09 14:19:47 Debug: negotiate successfully!
 2017-05-09 14:19:47 Debug: negotiate successfully!
 2017-05-09 14:19:47 Debug: socks5 server works
 2017-05-09 14:19:47 Debug: socks5 server works
 2017-05-09 14:19:47 Debug: socks5 server works
 2017-05-09 14:19:48 Debug: negotiate successfully!
 2017-05-09 14:19:48 Debug: negotiate successfully!
 2017-05-09 14:19:48 Debug: negotiate successfully!
 2017-05-09 14:19:48 Debug: negotiate successfully!
 2017-05-09 14:19:48 Debug: socks5 server works
 2017-05-09 14:19:48 Debug: socks5 server works
 2017-05-09 14:19:48 Debug: socks5 server works
 2017-05-09 14:19:48 Debug: socks5 server works
 2017-05-09 14:19:48 Warning: server_accept_cb 68e00900 12
 2017-05-09 14:19:48 Warning: server_accept_cb 68f013f0 12
 2017-05-09 14:19:48 Debug: negotiate successfully!
 2017-05-09 14:19:48 Debug: socks5 server works
 2017-05-09 14:19:48 Warning: server_accept_cb 68e00ea0 12
 2017-05-09 14:19:48 Debug: negotiate successfully!
 2017-05-09 14:19:48 Debug: socks5 server works
 2017-05-09 14:19:48 Debug: negotiate successfully!
 2017-05-09 14:19:48 Debug: socks5 server works
 2017-05-09 14:19:49 Warning: server_accept_cb 68d00e60 12
 2017-05-09 14:19:49 Warning: server_accept_cb 68d011a0 12
 2017-05-09 14:19:49 Debug: negotiate successfully!
 2017-05-09 14:19:49 Debug: negotiate successfully!
 2017-05-09 14:19:49 Debug: socks5 server works
 2017-05-09 14:19:49 Debug: socks5 server works
 2017-05-09 14:19:51 Warning: server_accept_cb 68f01880 12
 2017-05-09 14:19:51 Warning: server_accept_cb 68f01bc0 12
 2017-05-09 14:19:52 Debug: negotiate successfully!
 2017-05-09 14:19:52 Debug: socks5 server works
 2017-05-09 14:19:53 Debug: negotiate successfully!
 2017-05-09 14:19:53 Debug: socks5 server works
 2017-05-09 14:19:55 Warning: server_accept_cb 68f01f00 12
 2017-05-09 14:19:55 Debug: negotiate successfully!
 2017-05-09 14:19:55 Debug: socks5 server works
 2017-05-09 14:19:55 Warning: server_accept_cb 68d015b0 12
 2017-05-09 14:19:55 Warning: server_accept_cb 68d018f0 12
 2017-05-09 14:19:56 Debug: negotiate successfully!
 2017-05-09 14:19:56 Debug: socks5 server works
 2017-05-09 14:19:56 Debug: negotiate successfully!
 2017-05-09 14:19:56 Debug: socks5 server works
 2017-05-09 14:19:56 Warning: server_accept_cb 68d01fe0 12
 2017-05-09 14:19:56 Warning: server_accept_cb 68e016c0 12
 2017-05-09 14:19:56 Warning: server_accept_cb 68e01a00 12
 2017-05-09 14:19:56 Debug: negotiate successfully!
 2017-05-09 14:19:56 Debug: socks5 server works
 2017-05-09 14:19:56 Warning: server_accept_cb 68e01d40 12
 2017-05-09 14:19:56 Debug: negotiate successfully!
 2017-05-09 14:19:56 Warning: final_after_close_cb
 2017-05-09 14:19:56 Debug: socks5 server works
 2017-05-09 14:19:56 Warning: final_after_close_cb
 2017-05-09 14:19:58 Debug: negotiate successfully!
 2017-05-09 14:19:58 Debug: socks5 server works
 2017-05-09 14:19:58 Debug: negotiate successfully!
 2017-05-09 14:19:58 Debug: socks5 server works
 2017-05-09 14:19:59 Warning: server_accept_cb 68e02080 12
 2017-05-09 14:19:59 Debug: negotiate successfully!
 2017-05-09 14:19:59 Debug: socks5 server works
 2017-05-09 14:20:01 Warning: server_accept_cb 68f02310 12
 2017-05-09 14:20:01 Debug: negotiate successfully!
 2017-05-09 14:20:01 Debug: socks5 server works
 2017-05-09 14:20:02 Warning: final_after_close_cb
 2017-05-09 14:20:03 Warning: final_after_close_cb
 2017-05-09 14:20:03 Warning: final_after_close_cb
 2017-05-09 14:20:06 Warning: final_after_close_cb
 2017-05-09 14:20:06 Warning: server_accept_cb 68e00ea0 12
 2017-05-09 14:20:06 Warning: final_after_close_cb
 2017-05-09 14:20:06 Warning: server_accept_cb 68e016c0 12
 2017-05-09 14:20:06 Debug: negotiate successfully!
 2017-05-09 14:20:06 Debug: socks5 server works
 2017-05-09 14:20:06 Debug: negotiate successfully!
 2017-05-09 14:20:06 Debug: socks5 server works
 2017-05-09 14:20:06 Warning: final_after_close_cb
 2017-05-09 14:20:06 Warning: server_accept_cb 68f028c0 12
 2017-05-09 14:20:06 Debug: negotiate successfully!
 2017-05-09 14:20:06 Debug: socks5 server works
 2017-05-09 14:20:08 Warning: server_accept_cb 68d00e30 12
 2017-05-09 14:20:08 Debug: negotiate successfully!
 2017-05-09 14:20:08 Debug: socks5 server works
 2017-05-09 14:20:09 Warning: final_after_close_cb
 2017-05-09 14:20:09 Warning: server_accept_cb 68e01d40 12
 2017-05-09 14:20:09 Warning: server_accept_cb 68e02080 12
 2017-05-09 14:20:09 Warning: server_accept_cb 68e02700 12
 2017-05-09 14:20:09 Warning: server_accept_cb 68e02a40 12
 2017-05-09 14:20:09 Warning: server_accept_cb 68f02c00 12
 2017-05-09 14:20:09 Warning: server_accept_cb 68e02de0 12
 2017-05-09 14:20:09 Warning: server_accept_cb 68c03990 12
 2017-05-09 14:20:09 Warning: server_accept_cb 68c03cd0 12
 2017-05-09 14:20:09 Warning: server_accept_cb 68c04010 12
 2017-05-09 14:20:09 Warning: server_accept_cb 68c04350 12
 2017-05-09 14:20:09 Warning: final_after_close_cb
 2017-05-09 14:20:09 Debug: negotiate successfully!
 2017-05-09 14:20:09 Debug: negotiate successfully!
 2017-05-09 14:20:09 Debug: negotiate successfully!
 2017-05-09 14:20:09 Debug: negotiate successfully!
 2017-05-09 14:20:09 Debug: negotiate successfully!
 2017-05-09 14:20:09 Debug: negotiate successfully!
 2017-05-09 14:20:09 Debug: negotiate successfully!
 2017-05-09 14:20:09 Debug: negotiate successfully!
 2017-05-09 14:20:09 Debug: socks5 server works
 2017-05-09 14:20:09 Debug: socks5 server works
 2017-05-09 14:20:09 Debug: socks5 server works
 2017-05-09 14:20:09 Debug: negotiate successfully!
 2017-05-09 14:20:09 Debug: socks5 server works
 2017-05-09 14:20:09 Debug: socks5 server works
 2017-05-09 14:20:09 Debug: negotiate successfully!
 2017-05-09 14:20:09 Debug: socks5 server works
 2017-05-09 14:20:09 Debug: socks5 server works
 2017-05-09 14:20:09 Debug: socks5 server works
 2017-05-09 14:20:09 Debug: socks5 server works
 2017-05-09 14:20:09 Debug: socks5 server works
 2017-05-09 14:20:11 Warning: final_after_close_cb
 2017-05-09 14:20:12 Warning: final_after_close_cb
 2017-05-09 14:20:12 Warning: final_after_close_cb
 2017-05-09 14:20:12 Warning: final_after_close_cb
 2017-05-09 14:20:15 Warning: server_accept_cb 68d006b0 12
 2017-05-09 14:20:16 Debug: negotiate successfully!
 2017-05-09 14:20:16 Debug: socks5 server works
 2017-05-09 14:20:16 Warning: final_after_close_cb
 2017-05-09 14:20:16 Warning: final_after_close_cb
 2017-05-09 14:20:16 Warning: server_accept_cb 68e016c0 12
 2017-05-09 14:20:16 Warning: final_after_close_cb
 2017-05-09 14:20:17 Debug: negotiate successfully!
 2017-05-09 14:20:17 Debug: socks5 server works
 2017-05-09 14:20:17 Warning: final_after_close_cb
 2017-05-09 14:20:17 Warning: server_accept_cb 68e00ea0 12
 2017-05-09 14:20:18 Debug: negotiate successfully!
 2017-05-09 14:20:18 Debug: socks5 server works
 2017-05-09 14:20:18 Warning: final_after_close_cb
 2017-05-09 14:20:18 Warning: final_after_close_cb
 2017-05-09 14:20:18 Warning: server_accept_cb 68e032c0 12
 2017-05-09 14:20:18 Warning: final_after_close_cb
 2017-05-09 14:20:18 Warning: final_after_close_cb
 2017-05-09 14:20:18 Warning: final_after_close_cb
 2017-05-09 14:20:18 Debug: negotiate successfully!
 2017-05-09 14:20:18 Debug: socks5 server works
 2017-05-09 14:20:18 Warning: final_after_close_cb
 2017-05-09 14:20:18 Warning: final_after_close_cb
 2017-05-09 14:20:18 Warning: final_after_close_cb
 2017-05-09 14:20:18 Warning: final_after_close_cb
 2017-05-09 14:20:18 Warning: final_after_close_cb
 2017-05-09 14:20:18 Warning: final_after_close_cb
 2017-05-09 14:20:18 Warning: final_after_close_cb
 2017-05-09 14:20:18 Warning: final_after_close_cb
 2017-05-09 14:20:18 Warning: final_after_close_cb
 2017-05-09 14:20:19 Warning: final_after_close_cb
 2017-05-09 14:20:19 Warning: final_after_close_cb
 2017-05-09 14:20:19 Warning: final_after_close_cb
 2017-05-09 14:20:19 Warning: final_after_close_cb
 2017-05-09 14:20:20 Warning: final_after_close_cb
 2017-05-09 14:20:21 Warning: server_accept_cb 68d00e30 12
 2017-05-09 14:20:21 Debug: negotiate successfully!
 2017-05-09 14:20:21 Debug: socks5 server works
 2017-05-09 14:20:22 Warning: server_accept_cb 68f000d0 12
 2017-05-09 14:20:22 Debug: negotiate successfully!
 2017-05-09 14:20:22 Debug: socks5 server works
 2017-05-09 14:20:31 Warning: server_accept_cb 68f00470 12
 2017-05-09 14:20:31 Debug: negotiate successfully!
 2017-05-09 14:20:31 Debug: socks5 server works
 2017-05-09 14:20:34 Warning: server_accept_cb 68d01680 12
 2017-05-09 14:20:34 Debug: negotiate successfully!
 2017-05-09 14:20:34 Debug: socks5 server works
 2017-05-09 14:20:41 Warning: server_accept_cb 68d019c0 12
 2017-05-09 14:20:42 Debug: negotiate successfully!
 2017-05-09 14:20:42 Debug: socks5 server works
 2017-05-09 14:20:45 Warning: final_after_close_cb
 2017-05-09 14:20:51 Warning: final_after_close_cb
 2017-05-09 14:20:56 Warning: server_accept_cb 68c02db0 12
 2017-05-09 14:20:56 Debug: negotiate successfully!
 2017-05-09 14:20:56 Debug: socks5 server works
 2017-05-09 14:21:00 Warning: final_after_close_cb
 2017-05-09 14:21:07 Warning: final_after_close_cb
 2017-05-09 14:21:08 Warning: server_accept_cb 68f01f00 12
 2017-05-09 14:21:08 Warning: server_accept_cb 68f02300 12
 2017-05-09 14:21:08 Warning: server_accept_cb 68f01860 12
 2017-05-09 14:21:08 Warning: server_accept_cb 68f013b0 12
 2017-05-09 14:21:08 Warning: server_accept_cb 68f028c0 12
 2017-05-09 14:21:08 Warning: server_accept_cb 68f02c00 12
 2017-05-09 14:21:08 Warning: server_accept_cb 68c038f0 12
 2017-05-09 14:21:08 Warning: server_accept_cb 68c03c30 12
 2017-05-09 14:21:08 Warning: server_accept_cb 68f00cc0 12
 2017-05-09 14:21:08 Warning: server_accept_cb 68c04b70 12
 2017-05-09 14:21:08 Debug: negotiate successfully!
 2017-05-09 14:21:08 Debug: negotiate successfully!
 2017-05-09 14:21:08 Debug: negotiate successfully!
 2017-05-09 14:21:08 Debug: negotiate successfully!
 2017-05-09 14:21:08 Debug: negotiate successfully!
 2017-05-09 14:21:08 Debug: socks5 server works
 2017-05-09 14:21:08 Debug: socks5 server works
 2017-05-09 14:21:08 Debug: socks5 server works
 2017-05-09 14:21:08 Debug: socks5 server works
 2017-05-09 14:21:08 Debug: socks5 server works
 2017-05-09 14:21:09 Warning: final_after_close_cb
 2017-05-09 14:21:09 Warning: final_after_close_cb
 2017-05-09 14:21:09 Warning: final_after_close_cb
 2017-05-09 14:21:10 Debug: negotiate successfully!
 2017-05-09 14:21:10 Debug: negotiate successfully!
 2017-05-09 14:21:10 Debug: socks5 server works
 2017-05-09 14:21:10 Debug: socks5 server works
 2017-05-09 14:21:10 Debug: negotiate successfully!
 2017-05-09 14:21:10 Debug: negotiate successfully!
 2017-05-09 14:21:10 Debug: socks5 server works
 2017-05-09 14:21:10 Debug: socks5 server works
 2017-05-09 14:21:10 Warning: final_after_close_cb
 2017-05-09 14:21:10 Warning: final_after_close_cb
 2017-05-09 14:21:11 Warning: final_after_close_cb
 2017-05-09 14:21:11 Debug: negotiate successfully!
 2017-05-09 14:21:11 Debug: socks5 server works
 2017-05-09 14:21:11 Warning: final_after_close_cb
 2017-05-09 14:21:11 Warning: final_after_close_cb
 2017-05-09 14:21:12 Warning: final_after_close_cb
 2017-05-09 14:21:12 Warning: final_after_close_cb
 2017-05-09 14:21:13 Warning: final_after_close_cb
 2017-05-09 14:21:15 Warning: final_after_close_cb
 2017-05-09 14:21:16 Warning: final_after_close_cb
 2017-05-09 14:21:18 Warning: final_after_close_cb
 2017-05-09 14:21:27 Warning: final_after_close_cb
 2017-05-09 14:21:31 Warning: final_after_close_cb
 2017-05-09 14:21:35 Warning: server_accept_cb 68d006b0 12
 2017-05-09 14:21:35 Debug: negotiate successfully!
 2017-05-09 14:21:35 Debug: socks5 server works
 2017-05-09 14:21:45 Warning: server_accept_cb 68f00470 12
 2017-05-09 14:21:48 Debug: negotiate successfully!
 2017-05-09 14:21:48 Debug: socks5 server works
 2017-05-09 14:21:49 Warning: server_accept_cb 68d00e30 12
 2017-05-09 14:21:49 Warning: final_after_close_cb
 2017-05-09 14:21:49 Debug: negotiate successfully!
 2017-05-09 14:21:49 Debug: socks5 server works
 2017-05-09 14:21:53 Warning: final_after_close_cb
 2017-05-09 14:21:59 Warning: server_accept_cb 68f00470 12
 2017-05-09 14:21:59 Debug: negotiate successfully!
 2017-05-09 14:21:59 Debug: socks5 server works
 2017-05-09 14:22:00 Warning: final_after_close_cb
